<?xml version="1.0" encoding="UTF-8"?>
<testsuite name="service.GameTurnTest" tests="1" skipped="0" failures="1" errors="0" timestamp="2021-08-05T11:09:59" hostname="koreainvestmentui-Macmini.local" time="0.077">
  <properties/>
  <testcase name="Implements on Static Method test" classname="service.GameTurnTest" time="0.077">
    <failure message="java.lang.StackOverflowError" type="java.lang.StackOverflowError">java.lang.StackOverflowError
	at service.GameTurn.makeUserInputs(GameTurn.java:14)
	at service.GameTurn.makeUserInputs(GameTurn.java:14)
	at service.GameTurn.makeUserInputs(GameTurn.java:14)
	at service.GameTurn.makeUserInputs(GameTurn.java:14)
	at service.GameTurn.makeUserInputs(GameTurn.java:14)
	at service.GameTurn.makeUserInputs(GameTurn.java:14)
	at service.GameTurn.makeUserInputs(GameTurn.java:14)
	at service.GameTurn.makeUserInputs(GameTurn.java:14)
	at service.GameTurn.makeUserInputs(GameTurn.java:14)
	at service.GameTurn.makeUserInputs(GameTurn.java:14)
	at service.GameTurn.makeUserInputs(GameTurn.java:14)
	at service.GameTurn.makeUserInputs(GameTurn.java:14)
	at service.GameTurn.makeUserInputs(GameTurn.java:14)
	at service.GameTurn.makeUserInputs(GameTurn.java:14)
	at service.GameTurn.makeUserInputs(GameTurn.java:14)
	at service.GameTurn.makeUserInputs(GameTurn.java:14)
	at service.GameTurn.makeUserInputs(GameTurn.java:14)
	at service.GameTurn.makeUserInputs(GameTurn.java:14)
	at service.GameTurn.makeUserInputs(GameTurn.java:14)
	at service.GameTurn.makeUserInputs(GameTurn.java:14)
	at service.GameTurn.makeUserInputs(GameTurn.java:14)
	at service.GameTurn.makeUserInputs(GameTurn.java:14)
	at service.GameTurn.makeUserInputs(GameTurn.java:14)
	at service.GameTurn.makeUserInputs(GameTurn.java:14)
	at service.GameTurn.makeUserInputs(GameTurn.java:14)
	at service.GameTurn.makeUserInputs(GameTurn.java:14)
	at service.GameTurn.makeUserInputs(GameTurn.java:14)
	at service.GameTurn.makeUserInputs(GameTurn.java:14)
	at service.GameTurn.makeUserInputs(GameTurn.java:14)
	at service.GameTurn.makeUserInputs(GameTurn.java:14)
	at service.GameTurn.makeUserInputs(GameTurn.java:14)
	at service.GameTurn.makeUserInputs(GameTurn.java:14)
	at service.GameTurn.makeUserInputs(GameTurn.java:14)
	at service.GameTurn.makeUserInputs(GameTurn.java:14)
	at service.GameTurn.makeUserInputs(GameTurn.java:14)
	at service.GameTurn.makeUserInputs(GameTurn.java:14)
	at service.GameTurn.makeUserInputs(GameTurn.java:14)
	at service.GameTurn.makeUserInputs(GameTurn.java:14)
	at service.GameTurn.makeUserInputs(GameTurn.java:14)
	at service.GameTurn.makeUserInputs(GameTurn.java:14)
	at service.GameTurn.makeUserInputs(GameTurn.java:14)
	at service.GameTurn.makeUserInputs(GameTurn.java:14)
	at service.GameTurn.makeUserInputs(GameTurn.java:14)
	at service.GameTurn.makeUserInputs(GameTurn.java:14)
	at service.GameTurn.makeUserInputs(GameTurn.java:14)
	at service.GameTurn.makeUserInputs(GameTurn.java:14)
	at service.GameTurn.makeUserInputs(GameTurn.java:14)
	at service.GameTurn.makeUserInputs(GameTurn.java:14)
	at service.GameTurn.makeUserInputs(GameTurn.java:14)
	at service.GameTurn.makeUserInputs(GameTurn.java:14)
	at service.GameTurn.makeUserInputs(GameTurn.java:14)
	at service.GameTurn.makeUserInputs(GameTurn.java:14)
	at service.GameTurn.makeUserInputs(GameTurn.java:14)
	at service.GameTurn.makeUserInputs(GameTurn.java:14)
	at service.GameTurn.makeUserInputs(GameTurn.java:14)
	at service.GameTurn.makeUserInputs(GameTurn.java:14)
	at service.GameTurn.makeUserInputs(GameTurn.java:14)
	at service.GameTurn.makeUserInputs(GameTurn.java:14)
	at service.GameTurn.makeUserInputs(GameTurn.java:14)
	at service.GameTurn.makeUserInputs(GameTurn.java:14)
	at service.GameTurn.makeUserInputs(GameTurn.java:14)
	at service.GameTurn.makeUserInputs(GameTurn.java:14)
	at service.GameTurn.makeUserInputs(GameTurn.java:14)
	at service.GameTurn.makeUserInputs(GameTurn.java:14)
	at service.GameTurn.makeUserInputs(GameTurn.java:14)
	at service.GameTurn.makeUserInputs(GameTurn.java:14)
	at service.GameTurn.makeUserInputs(GameTurn.java:14)
	at service.GameTurn.makeUserInputs(GameTurn.java:14)
	at service.GameTurn.makeUserInputs(GameTurn.java:14)
	at service.GameTurn.makeUserInputs(GameTurn.java:14)
	at service.GameTurn.makeUserInputs(GameTurn.java:14)
	at service.GameTurn.makeUserInputs(GameTurn.java:14)
	at service.GameTurn.makeUserInputs(GameTurn.java:14)
	at service.GameTurn.makeUserInputs(GameTurn.java:14)
	at service.GameTurn.makeUserInputs(GameTurn.java:14)
	at service.GameTurn.makeUserInputs(GameTurn.java:14)
	at service.GameTurn.makeUserInputs(GameTurn.java:14)
	at service.GameTurn.makeUserInputs(GameTurn.java:14)
	at service.GameTurn.makeUserInputs(GameTurn.java:14)
	at service.GameTurn.makeUserInputs(GameTurn.java:14)
	at service.GameTurn.makeUserInputs(GameTurn.java:14)
	at service.GameTurn.makeUserInputs(GameTurn.java:14)
	at service.GameTurn.makeUserInputs(GameTurn.java:14)
	at service.GameTurn.makeUserInputs(GameTurn.java:14)
	at service.GameTurn.makeUserInputs(GameTurn.java:14)
	at service.GameTurn.makeUserInputs(GameTurn.java:14)
	at service.GameTurn.makeUserInputs(GameTurn.java:14)
	at service.GameTurn.makeUserInputs(GameTurn.java:14)
	at service.GameTurn.makeUserInputs(GameTurn.java:14)
	at service.GameTurn.makeUserInputs(GameTurn.java:14)
	at service.GameTurn.makeUserInputs(GameTurn.java:14)
	at service.GameTurn.makeUserInputs(GameTurn.java:14)
	at service.GameTurn.makeUserInputs(GameTurn.java:14)
	at service.GameTurn.makeUserInputs(GameTurn.java:14)
	at service.GameTurn.makeUserInputs(GameTurn.java:14)
	at service.GameTurn.makeUserInputs(GameTurn.java:14)
	at service.GameTurn.makeUserInputs(GameTurn.java:14)
	at service.GameTurn.makeUserInputs(GameTurn.java:14)
	at service.GameTurn.makeUserInputs(GameTurn.java:14)
	at service.GameTurn.makeUserInputs(GameTurn.java:14)
	at service.GameTurn.makeUserInputs(GameTurn.java:14)
	at service.GameTurn.makeUserInputs(GameTurn.java:14)
	at service.GameTurn.makeUserInputs(GameTurn.java:14)
	at service.GameTurn.makeUserInputs(GameTurn.java:14)
	at service.GameTurn.makeUserInputs(GameTurn.java:14)
	at service.GameTurn.makeUserInputs(GameTurn.java:14)
	at service.GameTurn.makeUserInputs(GameTurn.java:14)
	at service.GameTurn.makeUserInputs(GameTurn.java:14)
	at service.GameTurn.makeUserInputs(GameTurn.java:14)
	at service.GameTurn.makeUserInputs(GameTurn.java:14)
	at service.GameTurn.makeUserInputs(GameTurn.java:14)
	at service.GameTurn.makeUserInputs(GameTurn.java:14)
	at service.GameTurn.makeUserInputs(GameTurn.java:14)
	at service.GameTurn.makeUserInputs(GameTurn.java:14)
	at service.GameTurn.makeUserInputs(GameTurn.java:14)
	at service.GameTurn.makeUserInputs(GameTurn.java:14)
	at service.GameTurn.makeUserInputs(GameTurn.java:14)
	at service.GameTurn.makeUserInputs(GameTurn.java:14)
	at service.GameTurn.makeUserInputs(GameTurn.java:14)
	at service.GameTurn.makeUserInputs(GameTurn.java:14)
	at service.GameTurn.makeUserInputs(GameTurn.java:14)
	at service.GameTurn.makeUserInputs(GameTurn.java:14)
	at service.GameTurn.makeUserInputs(GameTurn.java:14)
	at service.GameTurn.makeUserInputs(GameTurn.java:14)
	at service.GameTurn.makeUserInputs(GameTurn.java:14)
	at service.GameTurn.makeUserInputs(GameTurn.java:14)
	at service.GameTurn.makeUserInputs(GameTurn.java:14)
	at service.GameTurn.makeUserInputs(GameTurn.java:14)
	at service.GameTurn.makeUserInputs(GameTurn.java:14)
	at service.GameTurn.makeUserInputs(GameTurn.java:14)
	at service.GameTurn.makeUserInputs(GameTurn.java:14)
	at service.GameTurn.makeUserInputs(GameTurn.java:14)
	at service.GameTurn.makeUserInputs(GameTurn.java:14)
	at service.GameTurn.makeUserInputs(GameTurn.java:14)
	at service.GameTurn.makeUserInputs(GameTurn.java:14)
	at service.GameTurn.makeUserInputs(GameTurn.java:14)
	at service.GameTurn.makeUserInputs(GameTurn.java:14)
	at service.GameTurn.makeUserInputs(GameTurn.java:14)
	at service.GameTurn.makeUserInputs(GameTurn.java:14)
	at service.GameTurn.makeUserInputs(GameTurn.java:14)
	at service.GameTurn.makeUserInputs(GameTurn.java:14)
	at service.GameTurn.makeUserInputs(GameTurn.java:14)
	at service.GameTurn.makeUserInputs(GameTurn.java:14)
	at service.GameTurn.makeUserInputs(GameTurn.java:14)
	at service.GameTurn.makeUserInputs(GameTurn.java:14)
	at service.GameTurn.makeUserInputs(GameTurn.java:14)
	at service.GameTurn.makeUserInputs(GameTurn.java:14)
	at service.GameTurn.makeUserInputs(GameTurn.java:14)
	at service.GameTurn.makeUserInputs(GameTurn.java:14)
	at service.GameTurn.makeUserInputs(GameTurn.java:14)
	at service.GameTurn.makeUserInputs(GameTurn.java:14)
	at service.GameTurn.makeUserInputs(GameTurn.java:14)
	at service.GameTurn.makeUserInputs(GameTurn.java:14)
	at service.GameTurn.makeUserInputs(GameTurn.java:14)
	at service.GameTurn.makeUserInputs(GameTurn.java:14)
	at service.GameTurn.makeUserInputs(GameTurn.java:14)
	at service.GameTurn.makeUserInputs(GameTurn.java:14)
	at service.GameTurn.makeUserInputs(GameTurn.java:14)
	at service.GameTurn.makeUserInputs(GameTurn.java:14)
	at service.GameTurn.makeUserInputs(GameTurn.java:14)
	at service.GameTurn.makeUserInputs(GameTurn.java:14)
	at service.GameTurn.makeUserInputs(GameTurn.java:14)
	at service.GameTurn.makeUserInputs(GameTurn.java:14)
	at service.GameTurn.makeUserInputs(GameTurn.java:14)
	at service.GameTurn.makeUserInputs(GameTurn.java:14)
	at service.GameTurn.makeUserInputs(GameTurn.java:14)
	at service.GameTurn.makeUserInputs(GameTurn.java:14)
	at service.GameTurn.makeUserInputs(GameTurn.java:14)
	at service.GameTurn.makeUserInputs(GameTurn.java:14)
	at service.GameTurn.makeUserInputs(GameTurn.java:14)
	at service.GameTurn.makeUserInputs(GameTurn.java:14)
	at service.GameTurn.makeUserInputs(GameTurn.java:14)
	at service.GameTurn.makeUserInputs(GameTurn.java:14)
	at service.GameTurn.makeUserInputs(GameTurn.java:14)
	at service.GameTurn.makeUserInputs(GameTurn.java:14)
	at service.GameTurn.makeUserInputs(GameTurn.java:14)
	at service.GameTurn.makeUserInputs(GameTurn.java:14)
	at service.GameTurn.makeUserInputs(GameTurn.java:14)
	at service.GameTurn.makeUserInputs(GameTurn.java:14)
	at service.GameTurn.makeUserInputs(GameTurn.java:14)
	at service.GameTurn.makeUserInputs(GameTurn.java:14)
	at service.GameTurn.makeUserInputs(GameTurn.java:14)
	at service.GameTurn.makeUserInputs(GameTurn.java:14)
	at service.GameTurn.makeUserInputs(GameTurn.java:14)
	at service.GameTurn.makeUserInputs(GameTurn.java:14)
	at service.GameTurn.makeUserInputs(GameTurn.java:14)
	at service.GameTurn.makeUserInputs(GameTurn.java:14)
	at service.GameTurn.makeUserInputs(GameTurn.java:14)
	at service.GameTurn.makeUserInputs(GameTurn.java:14)
	at service.GameTurn.makeUserInputs(GameTurn.java:14)
	at service.GameTurn.makeUserInputs(GameTurn.java:14)
	at service.GameTurn.makeUserInputs(GameTurn.java:14)
	at service.GameTurn.makeUserInputs(GameTurn.java:14)
	at service.GameTurn.makeUserInputs(GameTurn.java:14)
	at service.GameTurn.makeUserInputs(GameTurn.java:14)
	at service.GameTurn.makeUserInputs(GameTurn.java:14)
	at service.GameTurn.makeUserInputs(GameTurn.java:14)
	at service.GameTurn.makeUserInputs(GameTurn.java:14)
	at service.GameTurn.makeUserInputs(GameTurn.java:14)
	at service.GameTurn.makeUserInputs(GameTurn.java:14)
	at service.GameTurn.makeUserInputs(GameTurn.java:14)
	at service.GameTurn.makeUserInputs(GameTurn.java:14)
	at service.GameTurn.makeUserInputs(GameTurn.java:14)
	at service.GameTurn.makeUserInputs(GameTurn.java:14)
	at service.GameTurn.makeUserInputs(GameTurn.java:14)
	at service.GameTurn.makeUserInputs(GameTurn.java:14)
	at service.GameTurn.makeUserInputs(GameTurn.java:14)
	at service.GameTurn.makeUserInputs(GameTurn.java:14)
	at service.GameTurn.makeUserInputs(GameTurn.java:14)
	at service.GameTurn.makeUserInputs(GameTurn.java:14)
	at service.GameTurn.makeUserInputs(GameTurn.java:14)
	at service.GameTurn.makeUserInputs(GameTurn.java:14)
	at service.GameTurn.makeUserInputs(GameTurn.java:14)
	at service.GameTurn.makeUserInputs(GameTurn.java:14)
	at service.GameTurn.makeUserInputs(GameTurn.java:14)
	at service.GameTurn.makeUserInputs(GameTurn.java:14)
	at service.GameTurn.makeUserInputs(GameTurn.java:14)
	at service.GameTurn.makeUserInputs(GameTurn.java:14)
	at service.GameTurn.makeUserInputs(GameTurn.java:14)
	at service.GameTurn.makeUserInputs(GameTurn.java:14)
	at service.GameTurn.makeUserInputs(GameTurn.java:14)
	at service.GameTurn.makeUserInputs(GameTurn.java:14)
	at service.GameTurn.makeUserInputs(GameTurn.java:14)
	at service.GameTurn.makeUserInputs(GameTurn.java:14)
	at service.GameTurn.makeUserInputs(GameTurn.java:14)
	at service.GameTurn.makeUserInputs(GameTurn.java:14)
	at service.GameTurn.makeUserInputs(GameTurn.java:14)
	at service.GameTurn.makeUserInputs(GameTurn.java:14)
	at service.GameTurn.makeUserInputs(GameTurn.java:14)
	at service.GameTurn.makeUserInputs(GameTurn.java:14)
	at service.GameTurn.makeUserInputs(GameTurn.java:14)
	at service.GameTurn.makeUserInputs(GameTurn.java:14)
	at service.GameTurn.makeUserInputs(GameTurn.java:14)
	at service.GameTurn.makeUserInputs(GameTurn.java:14)
	at service.GameTurn.makeUserInputs(GameTurn.java:14)
	at service.GameTurn.makeUserInputs(GameTurn.java:14)
	at service.GameTurn.makeUserInputs(GameTurn.java:14)
	at service.GameTurn.makeUserInputs(GameTurn.java:14)
	at service.GameTurn.makeUserInputs(GameTurn.java:14)
	at service.GameTurn.makeUserInputs(GameTurn.java:14)
	at service.GameTurn.makeUserInputs(GameTurn.java:14)
	at service.GameTurn.makeUserInputs(GameTurn.java:14)
	at service.GameTurn.makeUserInputs(GameTurn.java:14)
	at service.GameTurn.makeUserInputs(GameTurn.java:14)
	at service.GameTurn.makeUserInputs(GameTurn.java:14)
	at service.GameTurn.makeUserInputs(GameTurn.java:14)
	at service.GameTurn.makeUserInputs(GameTurn.java:14)
	at service.GameTurn.makeUserInputs(GameTurn.java:14)
	at service.GameTurn.makeUserInputs(GameTurn.java:14)
	at service.GameTurn.makeUserInputs(GameTurn.java:14)
	at service.GameTurn.makeUserInputs(GameTurn.java:14)
	at service.GameTurn.makeUserInputs(GameTurn.java:14)
	at service.GameTurn.makeUserInputs(GameTurn.java:14)
	at service.GameTurn.makeUserInputs(GameTurn.java:14)
	at service.GameTurn.makeUserInputs(GameTurn.java:14)
	at service.GameTurn.makeUserInputs(GameTurn.java:14)
	at service.GameTurn.makeUserInputs(GameTurn.java:14)
	at service.GameTurn.makeUserInputs(GameTurn.java:14)
	at service.GameTurn.makeUserInputs(GameTurn.java:14)
	at service.GameTurn.makeUserInputs(GameTurn.java:14)
	at service.GameTurn.makeUserInputs(GameTurn.java:14)
	at service.GameTurn.makeUserInputs(GameTurn.java:14)
	at service.GameTurn.makeUserInputs(GameTurn.java:14)
	at service.GameTurn.makeUserInputs(GameTurn.java:14)
	at service.GameTurn.makeUserInputs(GameTurn.java:14)
	at service.GameTurn.makeUserInputs(GameTurn.java:14)
	at service.GameTurn.makeUserInputs(GameTurn.java:14)
	at service.GameTurn.makeUserInputs(GameTurn.java:14)
	at service.GameTurn.makeUserInputs(GameTurn.java:14)
	at service.GameTurn.makeUserInputs(GameTurn.java:14)
	at service.GameTurn.makeUserInputs(GameTurn.java:14)
	at service.GameTurn.makeUserInputs(GameTurn.java:14)
	at service.GameTurn.makeUserInputs(GameTurn.java:14)
	at service.GameTurn.makeUserInputs(GameTurn.java:14)
	at service.GameTurn.makeUserInputs(GameTurn.java:14)
	at service.GameTurn.makeUserInputs(GameTurn.java:14)
	at service.GameTurn.makeUserInputs(GameTurn.java:14)
	at service.GameTurn.makeUserInputs(GameTurn.java:14)
	at service.GameTurn.makeUserInputs(GameTurn.java:14)
	at service.GameTurn.makeUserInputs(GameTurn.java:14)
	at service.GameTurn.makeUserInputs(GameTurn.java:14)
	at service.GameTurn.makeUserInputs(GameTurn.java:14)
	at service.GameTurn.makeUserInputs(GameTurn.java:14)
	at service.GameTurn.makeUserInputs(GameTurn.java:14)
	at service.GameTurn.makeUserInputs(GameTurn.java:14)
	at service.GameTurn.makeUserInputs(GameTurn.java:14)
	at service.GameTurn.makeUserInputs(GameTurn.java:14)
	at service.GameTurn.makeUserInputs(GameTurn.java:14)
	at service.GameTurn.makeUserInputs(GameTurn.java:14)
	at service.GameTurn.makeUserInputs(GameTurn.java:14)
	at service.GameTurn.makeUserInputs(GameTurn.java:14)
	at service.GameTurn.makeUserInputs(GameTurn.java:14)
	at service.GameTurn.makeUserInputs(GameTurn.java:14)
	at service.GameTurn.makeUserInputs(GameTurn.java:14)
	at service.GameTurn.makeUserInputs(GameTurn.java:14)
	at service.GameTurn.makeUserInputs(GameTurn.java:14)
	at service.GameTurn.makeUserInputs(GameTurn.java:14)
	at service.GameTurn.makeUserInputs(GameTurn.java:14)
	at service.GameTurn.makeUserInputs(GameTurn.java:14)
	at service.GameTurn.makeUserInputs(GameTurn.java:14)
	at service.GameTurn.makeUserInputs(GameTurn.java:14)
	at service.GameTurn.makeUserInputs(GameTurn.java:14)
	at service.GameTurn.makeUserInputs(GameTurn.java:14)
	at service.GameTurn.makeUserInputs(GameTurn.java:14)
	at service.GameTurn.makeUserInputs(GameTurn.java:14)
	at service.GameTurn.makeUserInputs(GameTurn.java:14)
	at service.GameTurn.makeUserInputs(GameTurn.java:14)
	at service.GameTurn.makeUserInputs(GameTurn.java:14)
	at service.GameTurn.makeUserInputs(GameTurn.java:14)
	at service.GameTurn.makeUserInputs(GameTurn.java:14)
	at service.GameTurn.makeUserInputs(GameTurn.java:14)
	at service.GameTurn.makeUserInputs(GameTurn.java:14)
	at service.GameTurn.makeUserInputs(GameTurn.java:14)
	at service.GameTurn.makeUserInputs(GameTurn.java:14)
	at service.GameTurn.makeUserInputs(GameTurn.java:14)
	at service.GameTurn.makeUserInputs(GameTurn.java:14)
	at service.GameTurn.makeUserInputs(GameTurn.java:14)
	at service.GameTurn.makeUserInputs(GameTurn.java:14)
	at service.GameTurn.makeUserInputs(GameTurn.java:14)
	at service.GameTurn.makeUserInputs(GameTurn.java:14)
	at service.GameTurn.makeUserInputs(GameTurn.java:14)
	at service.GameTurn.makeUserInputs(GameTurn.java:14)
	at service.GameTurn.makeUserInputs(GameTurn.java:14)
	at service.GameTurn.makeUserInputs(GameTurn.java:14)
	at service.GameTurn.makeUserInputs(GameTurn.java:14)
	at service.GameTurn.makeUserInputs(GameTurn.java:14)
	at service.GameTurn.makeUserInputs(GameTurn.java:14)
	at service.GameTurn.makeUserInputs(GameTurn.java:14)
	at service.GameTurn.makeUserInputs(GameTurn.java:14)
	at service.GameTurn.makeUserInputs(GameTurn.java:14)
	at service.GameTurn.makeUserInputs(GameTurn.java:14)
	at service.GameTurn.makeUserInputs(GameTurn.java:14)
	at service.GameTurn.makeUserInputs(GameTurn.java:14)
	at service.GameTurn.makeUserInputs(GameTurn.java:14)
	at service.GameTurn.makeUserInputs(GameTurn.java:14)
	at service.GameTurn.makeUserInputs(GameTurn.java:14)
	at service.GameTurn.makeUserInputs(GameTurn.java:14)
	at service.GameTurn.makeUserInputs(GameTurn.java:14)
	at service.GameTurn.makeUserInputs(GameTurn.java:14)
	at service.GameTurn.makeUserInputs(GameTurn.java:14)
	at service.GameTurn.makeUserInputs(GameTurn.java:14)
	at service.GameTurn.makeUserInputs(GameTurn.java:14)
	at service.GameTurn.makeUserInputs(GameTurn.java:14)
	at service.GameTurn.makeUserInputs(GameTurn.java:14)
	at service.GameTurn.makeUserInputs(GameTurn.java:14)
	at service.GameTurn.makeUserInputs(GameTurn.java:14)
	at service.GameTurn.makeUserInputs(GameTurn.java:14)
	at service.GameTurn.makeUserInputs(GameTurn.java:14)
	at service.GameTurn.makeUserInputs(GameTurn.java:14)
	at service.GameTurn.makeUserInputs(GameTurn.java:14)
	at service.GameTurn.makeUserInputs(GameTurn.java:14)
	at service.GameTurn.makeUserInputs(GameTurn.java:14)
	at service.GameTurn.makeUserInputs(GameTurn.java:14)
	at service.GameTurn.makeUserInputs(GameTurn.java:14)
	at service.GameTurn.makeUserInputs(GameTurn.java:14)
	at service.GameTurn.makeUserInputs(GameTurn.java:14)
	at service.GameTurn.makeUserInputs(GameTurn.java:14)
	at service.GameTurn.makeUserInputs(GameTurn.java:14)
	at service.GameTurn.makeUserInputs(GameTurn.java:14)
	at service.GameTurn.makeUserInputs(GameTurn.java:14)
	at service.GameTurn.makeUserInputs(GameTurn.java:14)
	at service.GameTurn.makeUserInputs(GameTurn.java:14)
	at service.GameTurn.makeUserInputs(GameTurn.java:14)
	at service.GameTurn.makeUserInputs(GameTurn.java:14)
	at service.GameTurn.makeUserInputs(GameTurn.java:14)
	at service.GameTurn.makeUserInputs(GameTurn.java:14)
	at service.GameTurn.makeUserInputs(GameTurn.java:14)
	at service.GameTurn.makeUserInputs(GameTurn.java:14)
	at service.GameTurn.makeUserInputs(GameTurn.java:14)
	at service.GameTurn.makeUserInputs(GameTurn.java:14)
	at service.GameTurn.makeUserInputs(GameTurn.java:14)
	at service.GameTurn.makeUserInputs(GameTurn.java:14)
	at service.GameTurn.makeUserInputs(GameTurn.java:14)
	at service.GameTurn.makeUserInputs(GameTurn.java:14)
	at service.GameTurn.makeUserInputs(GameTurn.java:14)
	at service.GameTurn.makeUserInputs(GameTurn.java:14)
	at service.GameTurn.makeUserInputs(GameTurn.java:14)
	at service.GameTurn.makeUserInputs(GameTurn.java:14)
	at service.GameTurn.makeUserInputs(GameTurn.java:14)
	at service.GameTurn.makeUserInputs(GameTurn.java:14)
	at service.GameTurn.makeUserInputs(GameTurn.java:14)
	at service.GameTurn.makeUserInputs(GameTurn.java:14)
	at service.GameTurn.makeUserInputs(GameTurn.java:14)
	at service.GameTurn.makeUserInputs(GameTurn.java:14)
	at service.GameTurn.makeUserInputs(GameTurn.java:14)
	at service.GameTurn.makeUserInputs(GameTurn.java:14)
	at service.GameTurn.makeUserInputs(GameTurn.java:14)
	at service.GameTurn.makeUserInputs(GameTurn.java:14)
	at service.GameTurn.makeUserInputs(GameTurn.java:14)
	at service.GameTurn.makeUserInputs(GameTurn.java:14)
	at service.GameTurn.makeUserInputs(GameTurn.java:14)
	at service.GameTurn.makeUserInputs(GameTurn.java:14)
	at service.GameTurn.makeUserInputs(GameTurn.java:14)
	at service.GameTurn.makeUserInputs(GameTurn.java:14)
	at service.GameTurn.makeUserInputs(GameTurn.java:14)
	at service.GameTurn.makeUserInputs(GameTurn.java:14)
	at service.GameTurn.makeUserInputs(GameTurn.java:14)
	at service.GameTurn.makeUserInputs(GameTurn.java:14)
	at service.GameTurn.makeUserInputs(GameTurn.java:14)
	at service.GameTurn.makeUserInputs(GameTurn.java:14)
	at service.GameTurn.makeUserInputs(GameTurn.java:14)
	at service.GameTurn.makeUserInputs(GameTurn.java:14)
	at service.GameTurn.makeUserInputs(GameTurn.java:14)
	at service.GameTurn.makeUserInputs(GameTurn.java:14)
	at service.GameTurn.makeUserInputs(GameTurn.java:14)
	at service.GameTurn.makeUserInputs(GameTurn.java:14)
	at service.GameTurn.makeUserInputs(GameTurn.java:14)
	at service.GameTurn.makeUserInputs(GameTurn.java:14)
	at service.GameTurn.makeUserInputs(GameTurn.java:14)
	at service.GameTurn.makeUserInputs(GameTurn.java:14)
	at service.GameTurn.makeUserInputs(GameTurn.java:14)
	at service.GameTurn.makeUserInputs(GameTurn.java:14)
	at service.GameTurn.makeUserInputs(GameTurn.java:14)
	at service.GameTurn.makeUserInputs(GameTurn.java:14)
	at service.GameTurn.makeUserInputs(GameTurn.java:14)
	at service.GameTurn.makeUserInputs(GameTurn.java:14)
	at service.GameTurn.makeUserInputs(GameTurn.java:14)
	at service.GameTurn.makeUserInputs(GameTurn.java:14)
	at service.GameTurn.makeUserInputs(GameTurn.java:14)
	at service.GameTurn.makeUserInputs(GameTurn.java:14)
	at service.GameTurn.makeUserInputs(GameTurn.java:14)
	at service.GameTurn.makeUserInputs(GameTurn.java:14)
	at service.GameTurn.makeUserInputs(GameTurn.java:14)
	at service.GameTurn.makeUserInputs(GameTurn.java:14)
	at service.GameTurn.makeUserInputs(GameTurn.java:14)
	at service.GameTurn.makeUserInputs(GameTurn.java:14)
	at service.GameTurn.makeUserInputs(GameTurn.java:14)
	at service.GameTurn.makeUserInputs(GameTurn.java:14)
	at service.GameTurn.makeUserInputs(GameTurn.java:14)
	at service.GameTurn.makeUserInputs(GameTurn.java:14)
	at service.GameTurn.makeUserInputs(GameTurn.java:14)
	at service.GameTurn.makeUserInputs(GameTurn.java:14)
	at service.GameTurn.makeUserInputs(GameTurn.java:14)
	at service.GameTurn.makeUserInputs(GameTurn.java:14)
	at service.GameTurn.makeUserInputs(GameTurn.java:14)
	at service.GameTurn.makeUserInputs(GameTurn.java:14)
	at service.GameTurn.makeUserInputs(GameTurn.java:14)
	at service.GameTurn.makeUserInputs(GameTurn.java:14)
	at service.GameTurn.makeUserInputs(GameTurn.java:14)
	at service.GameTurn.makeUserInputs(GameTurn.java:14)
	at service.GameTurn.makeUserInputs(GameTurn.java:14)
	at service.GameTurn.makeUserInputs(GameTurn.java:14)
	at service.GameTurn.makeUserInputs(GameTurn.java:14)
	at service.GameTurn.makeUserInputs(GameTurn.java:14)
	at service.GameTurn.makeUserInputs(GameTurn.java:14)
	at service.GameTurn.makeUserInputs(GameTurn.java:14)
	at service.GameTurn.makeUserInputs(GameTurn.java:14)
	at service.GameTurn.makeUserInputs(GameTurn.java:14)
	at service.GameTurn.makeUserInputs(GameTurn.java:14)
	at service.GameTurn.makeUserInputs(GameTurn.java:14)
	at service.GameTurn.makeUserInputs(GameTurn.java:14)
	at service.GameTurn.makeUserInputs(GameTurn.java:14)
	at service.GameTurn.makeUserInputs(GameTurn.java:14)
	at service.GameTurn.makeUserInputs(GameTurn.java:14)
	at service.GameTurn.makeUserInputs(GameTurn.java:14)
	at service.GameTurn.makeUserInputs(GameTurn.java:14)
	at service.GameTurn.makeUserInputs(GameTurn.java:14)
	at service.GameTurn.makeUserInputs(GameTurn.java:14)
	at service.GameTurn.makeUserInputs(GameTurn.java:14)
	at service.GameTurn.makeUserInputs(GameTurn.java:14)
	at service.GameTurn.makeUserInputs(GameTurn.java:14)
	at service.GameTurn.makeUserInputs(GameTurn.java:14)
	at service.GameTurn.makeUserInputs(GameTurn.java:14)
	at service.GameTurn.makeUserInputs(GameTurn.java:14)
	at service.GameTurn.makeUserInputs(GameTurn.java:14)
	at service.GameTurn.makeUserInputs(GameTurn.java:14)
	at service.GameTurn.makeUserInputs(GameTurn.java:14)
	at service.GameTurn.makeUserInputs(GameTurn.java:14)
	at service.GameTurn.makeUserInputs(GameTurn.java:14)
	at service.GameTurn.makeUserInputs(GameTurn.java:14)
	at service.GameTurn.makeUserInputs(GameTurn.java:14)
	at service.GameTurn.makeUserInputs(GameTurn.java:14)
	at service.GameTurn.makeUserInputs(GameTurn.java:14)
	at service.GameTurn.makeUserInputs(GameTurn.java:14)
	at service.GameTurn.makeUserInputs(GameTurn.java:14)
	at service.GameTurn.makeUserInputs(GameTurn.java:14)
	at service.GameTurn.makeUserInputs(GameTurn.java:14)
	at service.GameTurn.makeUserInputs(GameTurn.java:14)
	at service.GameTurn.makeUserInputs(GameTurn.java:14)
	at service.GameTurn.makeUserInputs(GameTurn.java:14)
	at service.GameTurn.makeUserInputs(GameTurn.java:14)
	at service.GameTurn.makeUserInputs(GameTurn.java:14)
	at service.GameTurn.makeUserInputs(GameTurn.java:14)
	at service.GameTurn.makeUserInputs(GameTurn.java:14)
	at service.GameTurn.makeUserInputs(GameTurn.java:14)
	at service.GameTurn.makeUserInputs(GameTurn.java:14)
	at service.GameTurn.makeUserInputs(GameTurn.java:14)
	at service.GameTurn.makeUserInputs(GameTurn.java:14)
	at service.GameTurn.makeUserInputs(GameTurn.java:14)
	at service.GameTurn.makeUserInputs(GameTurn.java:14)
	at service.GameTurn.makeUserInputs(GameTurn.java:14)
	at service.GameTurn.makeUserInputs(GameTurn.java:14)
	at service.GameTurn.makeUserInputs(GameTurn.java:14)
	at service.GameTurn.makeUserInputs(GameTurn.java:14)
	at service.GameTurn.makeUserInputs(GameTurn.java:14)
	at service.GameTurn.makeUserInputs(GameTurn.java:14)
	at service.GameTurn.makeUserInputs(GameTurn.java:14)
	at service.GameTurn.makeUserInputs(GameTurn.java:14)
	at service.GameTurn.makeUserInputs(GameTurn.java:14)
	at service.GameTurn.makeUserInputs(GameTurn.java:14)
	at service.GameTurn.makeUserInputs(GameTurn.java:14)
	at service.GameTurn.makeUserInputs(GameTurn.java:14)
	at service.GameTurn.makeUserInputs(GameTurn.java:14)
	at service.GameTurn.makeUserInputs(GameTurn.java:14)
	at service.GameTurn.makeUserInputs(GameTurn.java:14)
	at service.GameTurn.makeUserInputs(GameTurn.java:14)
	at service.GameTurn.makeUserInputs(GameTurn.java:14)
	at service.GameTurn.makeUserInputs(GameTurn.java:14)
	at service.GameTurn.makeUserInputs(GameTurn.java:14)
	at service.GameTurn.makeUserInputs(GameTurn.java:14)
	at service.GameTurn.makeUserInputs(GameTurn.java:14)
	at service.GameTurn.makeUserInputs(GameTurn.java:14)
	at service.GameTurn.makeUserInputs(GameTurn.java:14)
	at service.GameTurn.makeUserInputs(GameTurn.java:14)
	at service.GameTurn.makeUserInputs(GameTurn.java:14)
	at service.GameTurn.makeUserInputs(GameTurn.java:14)
	at service.GameTurn.makeUserInputs(GameTurn.java:14)
	at service.GameTurn.makeUserInputs(GameTurn.java:14)
	at service.GameTurn.makeUserInputs(GameTurn.java:14)
	at service.GameTurn.makeUserInputs(GameTurn.java:14)
	at service.GameTurn.makeUserInputs(GameTurn.java:14)
	at service.GameTurn.makeUserInputs(GameTurn.java:14)
	at service.GameTurn.makeUserInputs(GameTurn.java:14)
	at service.GameTurn.makeUserInputs(GameTurn.java:14)
	at service.GameTurn.makeUserInputs(GameTurn.java:14)
	at service.GameTurn.makeUserInputs(GameTurn.java:14)
	at service.GameTurn.makeUserInputs(GameTurn.java:14)
	at service.GameTurn.makeUserInputs(GameTurn.java:14)
	at service.GameTurn.makeUserInputs(GameTurn.java:14)
	at service.GameTurn.makeUserInputs(GameTurn.java:14)
	at service.GameTurn.makeUserInputs(GameTurn.java:14)
	at service.GameTurn.makeUserInputs(GameTurn.java:14)
	at service.GameTurn.makeUserInputs(GameTurn.java:14)
	at service.GameTurn.makeUserInputs(GameTurn.java:14)
	at service.GameTurn.makeUserInputs(GameTurn.java:14)
	at service.GameTurn.makeUserInputs(GameTurn.java:14)
	at service.GameTurn.makeUserInputs(GameTurn.java:14)
	at service.GameTurn.makeUserInputs(GameTurn.java:14)
	at service.GameTurn.makeUserInputs(GameTurn.java:14)
	at service.GameTurn.makeUserInputs(GameTurn.java:14)
	at service.GameTurn.makeUserInputs(GameTurn.java:14)
	at service.GameTurn.makeUserInputs(GameTurn.java:14)
	at service.GameTurn.makeUserInputs(GameTurn.java:14)
	at service.GameTurn.makeUserInputs(GameTurn.java:14)
	at service.GameTurn.makeUserInputs(GameTurn.java:14)
	at service.GameTurn.makeUserInputs(GameTurn.java:14)
	at service.GameTurn.makeUserInputs(GameTurn.java:14)
	at service.GameTurn.makeUserInputs(GameTurn.java:14)
	at service.GameTurn.makeUserInputs(GameTurn.java:14)
	at service.GameTurn.makeUserInputs(GameTurn.java:14)
	at service.GameTurn.makeUserInputs(GameTurn.java:14)
	at service.GameTurn.makeUserInputs(GameTurn.java:14)
	at service.GameTurn.makeUserInputs(GameTurn.java:14)
	at service.GameTurn.makeUserInputs(GameTurn.java:14)
	at service.GameTurn.makeUserInputs(GameTurn.java:14)
	at service.GameTurn.makeUserInputs(GameTurn.java:14)
	at service.GameTurn.makeUserInputs(GameTurn.java:14)
	at service.GameTurn.makeUserInputs(GameTurn.java:14)
	at service.GameTurn.makeUserInputs(GameTurn.java:14)
	at service.GameTurn.makeUserInputs(GameTurn.java:14)
	at service.GameTurn.makeUserInputs(GameTurn.java:14)
	at service.GameTurn.makeUserInputs(GameTurn.java:14)
	at service.GameTurn.makeUserInputs(GameTurn.java:14)
	at service.GameTurn.makeUserInputs(GameTurn.java:14)
	at service.GameTurn.makeUserInputs(GameTurn.java:14)
	at service.GameTurn.makeUserInputs(GameTurn.java:14)
	at service.GameTurn.makeUserInputs(GameTurn.java:14)
	at service.GameTurn.makeUserInputs(GameTurn.java:14)
	at service.GameTurn.makeUserInputs(GameTurn.java:14)
	at service.GameTurn.makeUserInputs(GameTurn.java:14)
	at service.GameTurn.makeUserInputs(GameTurn.java:14)
	at service.GameTurn.makeUserInputs(GameTurn.java:14)
	at service.GameTurn.makeUserInputs(GameTurn.java:14)
	at service.GameTurn.makeUserInputs(GameTurn.java:14)
	at service.GameTurn.makeUserInputs(GameTurn.java:14)
	at service.GameTurn.makeUserInputs(GameTurn.java:14)
	at service.GameTurn.makeUserInputs(GameTurn.java:14)
	at service.GameTurn.makeUserInputs(GameTurn.java:14)
	at service.GameTurn.makeUserInputs(GameTurn.java:14)
	at service.GameTurn.makeUserInputs(GameTurn.java:14)
	at service.GameTurn.makeUserInputs(GameTurn.java:14)
	at service.GameTurn.makeUserInputs(GameTurn.java:14)
	at service.GameTurn.makeUserInputs(GameTurn.java:14)
	at service.GameTurn.makeUserInputs(GameTurn.java:14)
	at service.GameTurn.makeUserInputs(GameTurn.java:14)
	at service.GameTurn.makeUserInputs(GameTurn.java:14)
	at service.GameTurn.makeUserInputs(GameTurn.java:14)
	at service.GameTurn.makeUserInputs(GameTurn.java:14)
	at service.GameTurn.makeUserInputs(GameTurn.java:14)
	at service.GameTurn.makeUserInputs(GameTurn.java:14)
	at service.GameTurn.makeUserInputs(GameTurn.java:14)
	at service.GameTurn.makeUserInputs(GameTurn.java:14)
	at service.GameTurn.makeUserInputs(GameTurn.java:14)
	at service.GameTurn.makeUserInputs(GameTurn.java:14)
	at service.GameTurn.makeUserInputs(GameTurn.java:14)
	at service.GameTurn.makeUserInputs(GameTurn.java:14)
	at service.GameTurn.makeUserInputs(GameTurn.java:14)
	at service.GameTurn.makeUserInputs(GameTurn.java:14)
	at service.GameTurn.makeUserInputs(GameTurn.java:14)
	at service.GameTurn.makeUserInputs(GameTurn.java:14)
	at service.GameTurn.makeUserInputs(GameTurn.java:14)
	at service.GameTurn.makeUserInputs(GameTurn.java:14)
	at service.GameTurn.makeUserInputs(GameTurn.java:14)
	at service.GameTurn.makeUserInputs(GameTurn.java:14)
	at service.GameTurn.makeUserInputs(GameTurn.java:14)
	at service.GameTurn.makeUserInputs(GameTurn.java:14)
	at service.GameTurn.makeUserInputs(GameTurn.java:14)
	at service.GameTurn.makeUserInputs(GameTurn.java:14)
	at service.GameTurn.makeUserInputs(GameTurn.java:14)
	at service.GameTurn.makeUserInputs(GameTurn.java:14)
	at service.GameTurn.makeUserInputs(GameTurn.java:14)
	at service.GameTurn.makeUserInputs(GameTurn.java:14)
	at service.GameTurn.makeUserInputs(GameTurn.java:14)
	at service.GameTurn.makeUserInputs(GameTurn.java:14)
	at service.GameTurn.makeUserInputs(GameTurn.java:14)
	at service.GameTurn.makeUserInputs(GameTurn.java:14)
	at service.GameTurn.makeUserInputs(GameTurn.java:14)
	at service.GameTurn.makeUserInputs(GameTurn.java:14)
	at service.GameTurn.makeUserInputs(GameTurn.java:14)
	at service.GameTurn.makeUserInputs(GameTurn.java:14)
	at service.GameTurn.makeUserInputs(GameTurn.java:14)
	at service.GameTurn.makeUserInputs(GameTurn.java:14)
	at service.GameTurn.makeUserInputs(GameTurn.java:14)
	at service.GameTurn.makeUserInputs(GameTurn.java:14)
	at service.GameTurn.makeUserInputs(GameTurn.java:14)
	at service.GameTurn.makeUserInputs(GameTurn.java:14)
	at service.GameTurn.makeUserInputs(GameTurn.java:14)
	at service.GameTurn.makeUserInputs(GameTurn.java:14)
	at service.GameTurn.makeUserInputs(GameTurn.java:14)
	at service.GameTurn.makeUserInputs(GameTurn.java:14)
	at service.GameTurn.makeUserInputs(GameTurn.java:14)
	at service.GameTurn.makeUserInputs(GameTurn.java:14)
	at service.GameTurn.makeUserInputs(GameTurn.java:14)
	at service.GameTurn.makeUserInputs(GameTurn.java:14)
	at service.GameTurn.makeUserInputs(GameTurn.java:14)
	at service.GameTurn.makeUserInputs(GameTurn.java:14)
	at service.GameTurn.makeUserInputs(GameTurn.java:14)
	at service.GameTurn.makeUserInputs(GameTurn.java:14)
	at service.GameTurn.makeUserInputs(GameTurn.java:14)
	at service.GameTurn.makeUserInputs(GameTurn.java:14)
	at service.GameTurn.makeUserInputs(GameTurn.java:14)
	at service.GameTurn.makeUserInputs(GameTurn.java:14)
	at service.GameTurn.makeUserInputs(GameTurn.java:14)
	at service.GameTurn.makeUserInputs(GameTurn.java:14)
	at service.GameTurn.makeUserInputs(GameTurn.java:14)
	at service.GameTurn.makeUserInputs(GameTurn.java:14)
	at service.GameTurn.makeUserInputs(GameTurn.java:14)
	at service.GameTurn.makeUserInputs(GameTurn.java:14)
	at service.GameTurn.makeUserInputs(GameTurn.java:14)
	at service.GameTurn.makeUserInputs(GameTurn.java:14)
	at service.GameTurn.makeUserInputs(GameTurn.java:14)
	at service.GameTurn.makeUserInputs(GameTurn.java:14)
	at service.GameTurn.makeUserInputs(GameTurn.java:14)
	at service.GameTurn.makeUserInputs(GameTurn.java:14)
	at service.GameTurn.makeUserInputs(GameTurn.java:14)
	at service.GameTurn.makeUserInputs(GameTurn.java:14)
	at service.GameTurn.makeUserInputs(GameTurn.java:14)
	at service.GameTurn.makeUserInputs(GameTurn.java:14)
	at service.GameTurn.makeUserInputs(GameTurn.java:14)
	at service.GameTurn.makeUserInputs(GameTurn.java:14)
	at service.GameTurn.makeUserInputs(GameTurn.java:14)
	at service.GameTurn.makeUserInputs(GameTurn.java:14)
	at service.GameTurn.makeUserInputs(GameTurn.java:14)
	at service.GameTurn.makeUserInputs(GameTurn.java:14)
	at service.GameTurn.makeUserInputs(GameTurn.java:14)
	at service.GameTurn.makeUserInputs(GameTurn.java:14)
	at service.GameTurn.makeUserInputs(GameTurn.java:14)
	at service.GameTurn.makeUserInputs(GameTurn.java:14)
	at service.GameTurn.makeUserInputs(GameTurn.java:14)
	at service.GameTurn.makeUserInputs(GameTurn.java:14)
	at service.GameTurn.makeUserInputs(GameTurn.java:14)
	at service.GameTurn.makeUserInputs(GameTurn.java:14)
	at service.GameTurn.makeUserInputs(GameTurn.java:14)
	at service.GameTurn.makeUserInputs(GameTurn.java:14)
	at service.GameTurn.makeUserInputs(GameTurn.java:14)
	at service.GameTurn.makeUserInputs(GameTurn.java:14)
	at service.GameTurn.makeUserInputs(GameTurn.java:14)
	at service.GameTurn.makeUserInputs(GameTurn.java:14)
	at service.GameTurn.makeUserInputs(GameTurn.java:14)
	at service.GameTurn.makeUserInputs(GameTurn.java:14)
	at service.GameTurn.makeUserInputs(GameTurn.java:14)
	at service.GameTurn.makeUserInputs(GameTurn.java:14)
	at service.GameTurn.makeUserInputs(GameTurn.java:14)
	at service.GameTurn.makeUserInputs(GameTurn.java:14)
	at service.GameTurn.makeUserInputs(GameTurn.java:14)
	at service.GameTurn.makeUserInputs(GameTurn.java:14)
	at service.GameTurn.makeUserInputs(GameTurn.java:14)
	at service.GameTurn.makeUserInputs(GameTurn.java:14)
	at service.GameTurn.makeUserInputs(GameTurn.java:14)
	at service.GameTurn.makeUserInputs(GameTurn.java:14)
	at service.GameTurn.makeUserInputs(GameTurn.java:14)
	at service.GameTurn.makeUserInputs(GameTurn.java:14)
	at service.GameTurn.makeUserInputs(GameTurn.java:14)
	at service.GameTurn.makeUserInputs(GameTurn.java:14)
	at service.GameTurn.makeUserInputs(GameTurn.java:14)
	at service.GameTurn.makeUserInputs(GameTurn.java:14)
	at service.GameTurn.makeUserInputs(GameTurn.java:14)
	at service.GameTurn.makeUserInputs(GameTurn.java:14)
	at service.GameTurn.makeUserInputs(GameTurn.java:14)
	at service.GameTurn.makeUserInputs(GameTurn.java:14)
	at service.GameTurn.makeUserInputs(GameTurn.java:14)
	at service.GameTurn.makeUserInputs(GameTurn.java:14)
	at service.GameTurn.makeUserInputs(GameTurn.java:14)
	at service.GameTurn.makeUserInputs(GameTurn.java:14)
	at service.GameTurn.makeUserInputs(GameTurn.java:14)
	at service.GameTurn.makeUserInputs(GameTurn.java:14)
	at service.GameTurn.makeUserInputs(GameTurn.java:14)
	at service.GameTurn.makeUserInputs(GameTurn.java:14)
	at service.GameTurn.makeUserInputs(GameTurn.java:14)
	at service.GameTurn.makeUserInputs(GameTurn.java:14)
	at service.GameTurn.makeUserInputs(GameTurn.java:14)
	at service.GameTurn.makeUserInputs(GameTurn.java:14)
	at service.GameTurn.makeUserInputs(GameTurn.java:14)
	at service.GameTurn.makeUserInputs(GameTurn.java:14)
	at service.GameTurn.makeUserInputs(GameTurn.java:14)
	at service.GameTurn.makeUserInputs(GameTurn.java:14)
	at service.GameTurn.makeUserInputs(GameTurn.java:14)
	at service.GameTurn.makeUserInputs(GameTurn.java:14)
	at service.GameTurn.makeUserInputs(GameTurn.java:14)
	at service.GameTurn.makeUserInputs(GameTurn.java:14)
	at service.GameTurn.makeUserInputs(GameTurn.java:14)
	at service.GameTurn.makeUserInputs(GameTurn.java:14)
	at service.GameTurn.makeUserInputs(GameTurn.java:14)
	at service.GameTurn.makeUserInputs(GameTurn.java:14)
	at service.GameTurn.makeUserInputs(GameTurn.java:14)
	at service.GameTurn.makeUserInputs(GameTurn.java:14)
	at service.GameTurn.makeUserInputs(GameTurn.java:14)
	at service.GameTurn.makeUserInputs(GameTurn.java:14)
	at service.GameTurn.makeUserInputs(GameTurn.java:14)
	at service.GameTurn.makeUserInputs(GameTurn.java:14)
	at service.GameTurn.makeUserInputs(GameTurn.java:14)
	at service.GameTurn.makeUserInputs(GameTurn.java:14)
	at service.GameTurn.makeUserInputs(GameTurn.java:14)
	at service.GameTurn.makeUserInputs(GameTurn.java:14)
	at service.GameTurn.makeUserInputs(GameTurn.java:14)
	at service.GameTurn.makeUserInputs(GameTurn.java:14)
	at service.GameTurn.makeUserInputs(GameTurn.java:14)
	at service.GameTurn.makeUserInputs(GameTurn.java:14)
	at service.GameTurn.makeUserInputs(GameTurn.java:14)
	at service.GameTurn.makeUserInputs(GameTurn.java:14)
	at service.GameTurn.makeUserInputs(GameTurn.java:14)
	at service.GameTurn.makeUserInputs(GameTurn.java:14)
	at service.GameTurn.makeUserInputs(GameTurn.java:14)
	at service.GameTurn.makeUserInputs(GameTurn.java:14)
	at service.GameTurn.makeUserInputs(GameTurn.java:14)
	at service.GameTurn.makeUserInputs(GameTurn.java:14)
	at service.GameTurn.makeUserInputs(GameTurn.java:14)
	at service.GameTurn.makeUserInputs(GameTurn.java:14)
	at service.GameTurn.makeUserInputs(GameTurn.java:14)
	at service.GameTurn.makeUserInputs(GameTurn.java:14)
	at service.GameTurn.makeUserInputs(GameTurn.java:14)
	at service.GameTurn.makeUserInputs(GameTurn.java:14)
	at service.GameTurn.makeUserInputs(GameTurn.java:14)
	at service.GameTurn.makeUserInputs(GameTurn.java:14)
	at service.GameTurn.makeUserInputs(GameTurn.java:14)
	at service.GameTurn.makeUserInputs(GameTurn.java:14)
	at service.GameTurn.makeUserInputs(GameTurn.java:14)
	at service.GameTurn.makeUserInputs(GameTurn.java:14)
	at service.GameTurn.makeUserInputs(GameTurn.java:14)
	at service.GameTurn.makeUserInputs(GameTurn.java:14)
	at service.GameTurn.makeUserInputs(GameTurn.java:14)
	at service.GameTurn.makeUserInputs(GameTurn.java:14)
	at service.GameTurn.makeUserInputs(GameTurn.java:14)
	at service.GameTurn.makeUserInputs(GameTurn.java:14)
	at service.GameTurn.makeUserInputs(GameTurn.java:14)
	at service.GameTurn.makeUserInputs(GameTurn.java:14)
	at service.GameTurn.makeUserInputs(GameTurn.java:14)
	at service.GameTurn.makeUserInputs(GameTurn.java:14)
	at service.GameTurn.makeUserInputs(GameTurn.java:14)
	at service.GameTurn.makeUserInputs(GameTurn.java:14)
	at service.GameTurn.makeUserInputs(GameTurn.java:14)
	at service.GameTurn.makeUserInputs(GameTurn.java:14)
	at service.GameTurn.makeUserInputs(GameTurn.java:14)
	at service.GameTurn.makeUserInputs(GameTurn.java:14)
	at service.GameTurn.makeUserInputs(GameTurn.java:14)
	at service.GameTurn.makeUserInputs(GameTurn.java:14)
	at service.GameTurn.makeUserInputs(GameTurn.java:14)
	at service.GameTurn.makeUserInputs(GameTurn.java:14)
	at service.GameTurn.makeUserInputs(GameTurn.java:14)
	at service.GameTurn.makeUserInputs(GameTurn.java:14)
	at service.GameTurn.makeUserInputs(GameTurn.java:14)
	at service.GameTurn.makeUserInputs(GameTurn.java:14)
	at service.GameTurn.makeUserInputs(GameTurn.java:14)
	at service.GameTurn.makeUserInputs(GameTurn.java:14)
	at service.GameTurn.makeUserInputs(GameTurn.java:14)
	at service.GameTurn.makeUserInputs(GameTurn.java:14)
	at service.GameTurn.makeUserInputs(GameTurn.java:14)
	at service.GameTurn.makeUserInputs(GameTurn.java:14)
	at service.GameTurn.makeUserInputs(GameTurn.java:14)
	at service.GameTurn.makeUserInputs(GameTurn.java:14)
	at service.GameTurn.makeUserInputs(GameTurn.java:14)
	at service.GameTurn.makeUserInputs(GameTurn.java:14)
	at service.GameTurn.makeUserInputs(GameTurn.java:14)
	at service.GameTurn.makeUserInputs(GameTurn.java:14)
	at service.GameTurn.makeUserInputs(GameTurn.java:14)
	at service.GameTurn.makeUserInputs(GameTurn.java:14)
	at service.GameTurn.makeUserInputs(GameTurn.java:14)
	at service.GameTurn.makeUserInputs(GameTurn.java:14)
	at service.GameTurn.makeUserInputs(GameTurn.java:14)
	at service.GameTurn.makeUserInputs(GameTurn.java:14)
	at service.GameTurn.makeUserInputs(GameTurn.java:14)
	at service.GameTurn.makeUserInputs(GameTurn.java:14)
	at service.GameTurn.makeUserInputs(GameTurn.java:14)
	at service.GameTurn.makeUserInputs(GameTurn.java:14)
	at service.GameTurn.makeUserInputs(GameTurn.java:14)
	at service.GameTurn.makeUserInputs(GameTurn.java:14)
	at service.GameTurn.makeUserInputs(GameTurn.java:14)
	at service.GameTurn.makeUserInputs(GameTurn.java:14)
	at service.GameTurn.makeUserInputs(GameTurn.java:14)
	at service.GameTurn.makeUserInputs(GameTurn.java:14)
	at service.GameTurn.makeUserInputs(GameTurn.java:14)
	at service.GameTurn.makeUserInputs(GameTurn.java:14)
	at service.GameTurn.makeUserInputs(GameTurn.java:14)
	at service.GameTurn.makeUserInputs(GameTurn.java:14)
	at service.GameTurn.makeUserInputs(GameTurn.java:14)
	at service.GameTurn.makeUserInputs(GameTurn.java:14)
	at service.GameTurn.makeUserInputs(GameTurn.java:14)
	at service.GameTurn.makeUserInputs(GameTurn.java:14)
	at service.GameTurn.makeUserInputs(GameTurn.java:14)
	at service.GameTurn.makeUserInputs(GameTurn.java:14)
	at service.GameTurn.makeUserInputs(GameTurn.java:14)
	at service.GameTurn.makeUserInputs(GameTurn.java:14)
	at service.GameTurn.makeUserInputs(GameTurn.java:14)
	at service.GameTurn.makeUserInputs(GameTurn.java:14)
	at service.GameTurn.makeUserInputs(GameTurn.java:14)
	at service.GameTurn.makeUserInputs(GameTurn.java:14)
	at service.GameTurn.makeUserInputs(GameTurn.java:14)
	at service.GameTurn.makeUserInputs(GameTurn.java:14)
	at service.GameTurn.makeUserInputs(GameTurn.java:14)
	at service.GameTurn.makeUserInputs(GameTurn.java:14)
	at service.GameTurn.makeUserInputs(GameTurn.java:14)
	at service.GameTurn.makeUserInputs(GameTurn.java:14)
	at service.GameTurn.makeUserInputs(GameTurn.java:14)
	at service.GameTurn.makeUserInputs(GameTurn.java:14)
	at service.GameTurn.makeUserInputs(GameTurn.java:14)
	at service.GameTurn.makeUserInputs(GameTurn.java:14)
	at service.GameTurn.makeUserInputs(GameTurn.java:14)
	at service.GameTurn.makeUserInputs(GameTurn.java:14)
	at service.GameTurn.makeUserInputs(GameTurn.java:14)
	at service.GameTurn.makeUserInputs(GameTurn.java:14)
	at service.GameTurn.makeUserInputs(GameTurn.java:14)
	at service.GameTurn.makeUserInputs(GameTurn.java:14)
	at service.GameTurn.makeUserInputs(GameTurn.java:14)
	at service.GameTurn.makeUserInputs(GameTurn.java:14)
	at service.GameTurn.makeUserInputs(GameTurn.java:14)
	at service.GameTurn.makeUserInputs(GameTurn.java:14)
	at service.GameTurn.makeUserInputs(GameTurn.java:14)
	at service.GameTurn.makeUserInputs(GameTurn.java:14)
	at service.GameTurn.makeUserInputs(GameTurn.java:14)
	at service.GameTurn.makeUserInputs(GameTurn.java:14)
	at service.GameTurn.makeUserInputs(GameTurn.java:14)
	at service.GameTurn.makeUserInputs(GameTurn.java:14)
	at service.GameTurn.makeUserInputs(GameTurn.java:14)
	at service.GameTurn.makeUserInputs(GameTurn.java:14)
	at service.GameTurn.makeUserInputs(GameTurn.java:14)
	at service.GameTurn.makeUserInputs(GameTurn.java:14)
	at service.GameTurn.makeUserInputs(GameTurn.java:14)
	at service.GameTurn.makeUserInputs(GameTurn.java:14)
	at service.GameTurn.makeUserInputs(GameTurn.java:14)
	at service.GameTurn.makeUserInputs(GameTurn.java:14)
	at service.GameTurn.makeUserInputs(GameTurn.java:14)
	at service.GameTurn.makeUserInputs(GameTurn.java:14)
	at service.GameTurn.makeUserInputs(GameTurn.java:14)
	at service.GameTurn.makeUserInputs(GameTurn.java:14)
	at service.GameTurn.makeUserInputs(GameTurn.java:14)
	at service.GameTurn.makeUserInputs(GameTurn.java:14)
	at service.GameTurn.makeUserInputs(GameTurn.java:14)
	at service.GameTurn.makeUserInputs(GameTurn.java:14)
	at service.GameTurn.makeUserInputs(GameTurn.java:14)
	at service.GameTurn.makeUserInputs(GameTurn.java:14)
	at service.GameTurn.makeUserInputs(GameTurn.java:14)
	at service.GameTurn.makeUserInputs(GameTurn.java:14)
	at service.GameTurn.makeUserInputs(GameTurn.java:14)
	at service.GameTurn.makeUserInputs(GameTurn.java:14)
	at service.GameTurn.makeUserInputs(GameTurn.java:14)
	at service.GameTurn.makeUserInputs(GameTurn.java:14)
	at service.GameTurn.makeUserInputs(GameTurn.java:14)
	at service.GameTurn.makeUserInputs(GameTurn.java:14)
	at service.GameTurn.makeUserInputs(GameTurn.java:14)
	at service.GameTurn.makeUserInputs(GameTurn.java:14)
	at service.GameTurn.makeUserInputs(GameTurn.java:14)
	at service.GameTurn.makeUserInputs(GameTurn.java:14)
	at service.GameTurn.makeUserInputs(GameTurn.java:14)
	at service.GameTurn.makeUserInputs(GameTurn.java:14)
	at service.GameTurn.makeUserInputs(GameTurn.java:14)
	at service.GameTurn.makeUserInputs(GameTurn.java:14)
	at service.GameTurn.makeUserInputs(GameTurn.java:14)
	at service.GameTurn.makeUserInputs(GameTurn.java:14)
	at service.GameTurn.makeUserInputs(GameTurn.java:14)
	at service.GameTurn.makeUserInputs(GameTurn.java:14)
	at service.GameTurn.makeUserInputs(GameTurn.java:14)
	at service.GameTurn.makeUserInputs(GameTurn.java:14)
	at service.GameTurn.makeUserInputs(GameTurn.java:14)
	at service.GameTurn.makeUserInputs(GameTurn.java:14)
	at service.GameTurn.makeUserInputs(GameTurn.java:14)
	at service.GameTurn.makeUserInputs(GameTurn.java:14)
	at service.GameTurn.makeUserInputs(GameTurn.java:14)
	at service.GameTurn.makeUserInputs(GameTurn.java:14)
	at service.GameTurn.makeUserInputs(GameTurn.java:14)
	at service.GameTurn.makeUserInputs(GameTurn.java:14)
	at service.GameTurn.makeUserInputs(GameTurn.java:14)
	at service.GameTurn.makeUserInputs(GameTurn.java:14)
	at service.GameTurn.makeUserInputs(GameTurn.java:14)
	at service.GameTurn.makeUserInputs(GameTurn.java:14)
	at service.GameTurn.makeUserInputs(GameTurn.java:14)
	at service.GameTurn.makeUserInputs(GameTurn.java:14)
	at service.GameTurn.makeUserInputs(GameTurn.java:14)
	at service.GameTurn.makeUserInputs(GameTurn.java:14)
	at service.GameTurn.makeUserInputs(GameTurn.java:14)
	at service.GameTurn.makeUserInputs(GameTurn.java:14)
	at service.GameTurn.makeUserInputs(GameTurn.java:14)
	at service.GameTurn.makeUserInputs(GameTurn.java:14)
	at service.GameTurn.makeUserInputs(GameTurn.java:14)
	at service.GameTurn.makeUserInputs(GameTurn.java:14)
	at service.GameTurn.makeUserInputs(GameTurn.java:14)
	at service.GameTurn.makeUserInputs(GameTurn.java:14)
	at service.GameTurn.makeUserInputs(GameTurn.java:14)
	at service.GameTurn.makeUserInputs(GameTurn.java:14)
	at service.GameTurn.makeUserInputs(GameTurn.java:14)
	at service.GameTurn.makeUserInputs(GameTurn.java:14)
	at service.GameTurn.makeUserInputs(GameTurn.java:14)
	at service.GameTurn.makeUserInputs(GameTurn.java:14)
	at service.GameTurn.makeUserInputs(GameTurn.java:14)
	at service.GameTurn.makeUserInputs(GameTurn.java:14)
	at service.GameTurn.makeUserInputs(GameTurn.java:14)
	at service.GameTurn.makeUserInputs(GameTurn.java:14)
	at service.GameTurn.makeUserInputs(GameTurn.java:14)
	at service.GameTurn.makeUserInputs(GameTurn.java:14)
	at service.GameTurn.makeUserInputs(GameTurn.java:14)
	at service.GameTurn.makeUserInputs(GameTurn.java:14)
	at service.GameTurn.makeUserInputs(GameTurn.java:14)
	at service.GameTurn.makeUserInputs(GameTurn.java:14)
	at service.GameTurn.makeUserInputs(GameTurn.java:14)
	at service.GameTurn.makeUserInputs(GameTurn.java:14)
	at service.GameTurn.makeUserInputs(GameTurn.java:14)
	at service.GameTurn.makeUserInputs(GameTurn.java:14)
	at service.GameTurn.makeUserInputs(GameTurn.java:14)
	at service.GameTurn.makeUserInputs(GameTurn.java:14)
	at service.GameTurn.makeUserInputs(GameTurn.java:14)
	at service.GameTurn.makeUserInputs(GameTurn.java:14)
	at service.GameTurn.makeUserInputs(GameTurn.java:14)
	at service.GameTurn.makeUserInputs(GameTurn.java:14)
	at service.GameTurn.makeUserInputs(GameTurn.java:14)
	at service.GameTurn.makeUserInputs(GameTurn.java:14)
	at service.GameTurn.makeUserInputs(GameTurn.java:14)
	at service.GameTurn.makeUserInputs(GameTurn.java:14)
	at service.GameTurn.makeUserInputs(GameTurn.java:14)
	at service.GameTurn.makeUserInputs(GameTurn.java:14)
	at service.GameTurn.makeUserInputs(GameTurn.java:14)
	at service.GameTurn.makeUserInputs(GameTurn.java:14)
	at service.GameTurn.makeUserInputs(GameTurn.java:14)
	at service.GameTurn.makeUserInputs(GameTurn.java:14)
	at service.GameTurn.makeUserInputs(GameTurn.java:14)
	at service.GameTurn.makeUserInputs(GameTurn.java:14)
	at service.GameTurn.makeUserInputs(GameTurn.java:14)
	at service.GameTurn.makeUserInputs(GameTurn.java:14)
	at service.GameTurn.makeUserInputs(GameTurn.java:14)
	at service.GameTurn.makeUserInputs(GameTurn.java:14)
	at service.GameTurn.makeUserInputs(GameTurn.java:14)
	at service.GameTurn.makeUserInputs(GameTurn.java:14)
	at service.GameTurn.makeUserInputs(GameTurn.java:14)
	at service.GameTurn.makeUserInputs(GameTurn.java:14)
	at service.GameTurn.makeUserInputs(GameTurn.java:14)
	at service.GameTurn.makeUserInputs(GameTurn.java:14)
	at service.GameTurn.makeUserInputs(GameTurn.java:14)
	at service.GameTurn.makeUserInputs(GameTurn.java:14)
	at service.GameTurn.makeUserInputs(GameTurn.java:14)
	at service.GameTurn.makeUserInputs(GameTurn.java:14)
	at service.GameTurn.makeUserInputs(GameTurn.java:14)
	at service.GameTurn.makeUserInputs(GameTurn.java:14)
	at service.GameTurn.makeUserInputs(GameTurn.java:14)
	at service.GameTurn.makeUserInputs(GameTurn.java:14)
	at service.GameTurn.makeUserInputs(GameTurn.java:14)
	at service.GameTurn.makeUserInputs(GameTurn.java:14)
	at service.GameTurn.makeUserInputs(GameTurn.java:14)
	at service.GameTurn.makeUserInputs(GameTurn.java:14)
	at service.GameTurn.makeUserInputs(GameTurn.java:14)
	at service.GameTurn.makeUserInputs(GameTurn.java:14)
	at service.GameTurn.makeUserInputs(GameTurn.java:14)
	at service.GameTurn.makeUserInputs(GameTurn.java:14)
	at service.GameTurn.makeUserInputs(GameTurn.java:14)
	at service.GameTurn.makeUserInputs(GameTurn.java:14)
	at service.GameTurn.makeUserInputs(GameTurn.java:14)
	at service.GameTurn.makeUserInputs(GameTurn.java:14)
	at service.GameTurn.makeUserInputs(GameTurn.java:14)
	at service.GameTurn.makeUserInputs(GameTurn.java:14)
	at service.GameTurn.makeUserInputs(GameTurn.java:14)
	at service.GameTurn.makeUserInputs(GameTurn.java:14)
	at service.GameTurn.makeUserInputs(GameTurn.java:14)
	at service.GameTurn.makeUserInputs(GameTurn.java:14)
	at service.GameTurn.makeUserInputs(GameTurn.java:14)
	at service.GameTurn.makeUserInputs(GameTurn.java:14)
	at service.GameTurn.makeUserInputs(GameTurn.java:14)
	at service.GameTurn.makeUserInputs(GameTurn.java:14)
	at service.GameTurn.makeUserInputs(GameTurn.java:14)
	at service.GameTurn.makeUserInputs(GameTurn.java:14)
	at service.GameTurn.makeUserInputs(GameTurn.java:14)
	at service.GameTurn.makeUserInputs(GameTurn.java:14)
	at service.GameTurn.makeUserInputs(GameTurn.java:14)
	at service.GameTurn.makeUserInputs(GameTurn.java:14)
	at service.GameTurn.makeUserInputs(GameTurn.java:14)
	at service.GameTurn.makeUserInputs(GameTurn.java:14)
	at service.GameTurn.makeUserInputs(GameTurn.java:14)
	at service.GameTurn.makeUserInputs(GameTurn.java:14)
	at service.GameTurn.makeUserInputs(GameTurn.java:14)
	at service.GameTurn.makeUserInputs(GameTurn.java:14)
	at service.GameTurn.makeUserInputs(GameTurn.java:14)
	at service.GameTurn.makeUserInputs(GameTurn.java:14)
	at service.GameTurn.makeUserInputs(GameTurn.java:14)
	at service.GameTurn.makeUserInputs(GameTurn.java:14)
	at service.GameTurn.makeUserInputs(GameTurn.java:14)
	at service.GameTurn.makeUserInputs(GameTurn.java:14)
	at service.GameTurn.makeUserInputs(GameTurn.java:14)
	at service.GameTurn.makeUserInputs(GameTurn.java:14)
	at service.GameTurn.makeUserInputs(GameTurn.java:14)
	at service.GameTurn.makeUserInputs(GameTurn.java:14)
	at service.GameTurn.makeUserInputs(GameTurn.java:14)
	at service.GameTurn.makeUserInputs(GameTurn.java:14)
	at service.GameTurn.makeUserInputs(GameTurn.java:14)
	at service.GameTurn.makeUserInputs(GameTurn.java:14)
	at service.GameTurn.makeUserInputs(GameTurn.java:14)
	at service.GameTurn.makeUserInputs(GameTurn.java:14)
	at service.GameTurn.makeUserInputs(GameTurn.java:14)
	at service.GameTurn.makeUserInputs(GameTurn.java:14)
</failure>
  </testcase>
  <system-out><![CDATA[]]></system-out>
  <system-err><![CDATA[]]></system-err>
</testsuite>
